MyApplication/app/build/outputs/mapping/debug/seeds.txt
com.example.myapplication.MainActivity: MainActivity()
com.example.myapplication.MainActivity
...
androidx.appcompat.R$id: int on
androidx.constraintlayout.widget.R$styleable: int ConstraintLayout_Layout_barrierAllowsGoneWidgets
androidx.appcompat.R$style: int Base_TextAppearance_AppCompat_Widget_ActionBar_Title_Inverse
androidx.appcompat.resources.R$drawable: int notification_bg_normal
androidx.core.R$styleable: int GradientColorItem_android_color
androidx.vectordrawable.graphics.drawable.VectorDrawableCompat$VGroup: android.graphics.Matrix getLocalMatrix()
androidx.appcompat.R$color: int abc_primary_text_disable_only_material_light
androidx.core.R$attr: int ttcIndex
androidx.appcompat.R$style: int Base_V7_Theme_AppCompat_Light
androidx.constraintlayout.widget.R$styleable: int ConstraintLayout_Layout_layout_constraintGuide_percent
androidx.appcompat.R$id: int accessibility_custom_action_27
androidx.appcompat.R$id: int search_bar
androidx.vectordrawable.graphics.drawable.VectorDrawableCompat$VFullPath: void setTrimPathOffset(float)
androidx.appcompat.R$string: int abc_capital_off
androidx.appcompat.R$layout: int abc_screen_toolbar
androidx.appcompat.R$drawable: int notification_template_icon_bg
androidx.appcompat.R$attr: int voiceIcon
androidx.appcompat.view.menu.ListMenuItemView: void setForceShowIcon(boolean)
androidx.appcompat.R$id: int chronometer
androidx.appcompat.R$attr: int textColorSearchUrl
androidx.constraintlayout.widget.R$styleable: int ConstraintSet_layout_constraintEnd_toEndOf
androidx.appcompat.widget.AppCompatCheckedTextView: void setCustomSelectionActionModeCallback(android.view.ActionMode$Callback)
androidx.appcompat.R$styleable: int MenuItem_tooltipText
androidx.appcompat.R$drawable: int btn_radio_off_to_on_mtrl_animation
androidx.appcompat.R$id: int accessibility_custom_action_17
androidx.appcompat.widget.ActionMenuView: void setPopupTheme(int)
androidx.appcompat.R$attr: int dividerVertical
androidx.appcompat.widget.AppCompatSpinner: void setPrompt(java.lang.CharSequence)
androidx.appcompat.R$styleable: int MenuItem_actionViewClass
androidx.appcompat.R$style: int TextAppearance_AppCompat_Widget_ActionBar_Subtitle
androidx.appcompat.widget.DropDownListView: void setSelectorEnabled(boolean)
androidx.appcompat.R$style: int TextAppearance_AppCompat_SearchResult_Subtitle
androidx.core.widget.NestedScrollView: float getBottomFadingEdgeStrength()
androidx.appcompat.widget.ActionBarContextView: int getAnimatedVisibility()
androidx.appcompat.R$id: int search_button
androidx.appcompat.widget.AppCompatTextView: void setTextFuture(java.util.concurrent.Future)
androidx.appcompat.widget.Toolbar: androidx.appcompat.widget.DecorToolbar getWrapper()
androidx.appcompat.R$attr: int iconTintMode
androidx.appcompat.R$attr: int showText
androidx.appcompat.R$style: int Base_Widget_AppCompat_CompoundButton_RadioButton
androidx.appcompat.R$attr: int windowFixedWidthMajor
androidx.constraintlayout.widget.R$styleable: int ConstraintSet_layout_constraintDimensionRatio
androidx.appcompat.widget.Toolbar: void setCollapseIcon(int)
androidx.appcompat.R$color: int abc_search_url_text_normal
androidx.appcompat.R$styleable: int LinearLayoutCompat_android_baselineAligned
androidx.appcompat.R$styleable: int AppCompatTheme_buttonBarStyle
androidx.appcompat.R$id: int parentPanel
androidx.appcompat.view.menu.ListMenuItemView: void setSubMenuArrowVisible(boolean)
androidx.constraintlayout.widget.R$styleable: int ConstraintSet_android_translationY
androidx.appcompat.R$drawable: int abc_spinner_mtrl_am_alpha
androidx.appcompat.resources.R$styleable: int FontFamilyFont_android_fontWeight
androidx.appcompat.widget.SearchView: java.lang.CharSequence getQueryHint()
androidx.appcompat.R$attr: int tooltipForegroundColor
androidx.appcompat.R$style: int Base_Widget_AppCompat_ListPopupWindow
androidx.appcompat.R$attr: int searchHintIcon
androidx.appcompat.widget.AppCompatAutoCompleteTextView: void setSupportBackgroundTintMode(android.graphics.PorterDuff$Mode)
androidx.appcompat.R$style: int Base_TextAppearance_AppCompat_Body2