MyApplication/app/build/outputs/mapping/debug/mapping.txt
# compiler: R8
# compiler_version: 2.0.74
# min_api: 16
# pg_map_id: 71e67ed
# common_typos_disable
com.example.myapplication.MainActivity -> com.example.myapplication.MainActivity:
    7:7:void <init>() -> <init>
    11:13:void onCreate(android.os.Bundle) -> onCreate
...
androidx.appcompat.view.menu.ListMenuPresenter$MenuAdapter -> androidx.appcompat.view.menu.e$a:
    androidx.appcompat.view.menu.ListMenuPresenter this$0 -> c
    int mExpandedIndex -> b
    234:236:void <init>(androidx.appcompat.view.menu.ListMenuPresenter) -> <init>
    277:290:void findExpandedIndex() -> a
    250:255:androidx.appcompat.view.menu.MenuItemImpl getItem(int) -> b
    240:245:int getCount() -> getCount
    231:231:java.lang.Object getItem(int) -> getItem
    262:262:long getItemId(int) -> getItemId
    267:273:android.view.View getView(int,android.view.View,android.view.ViewGroup) -> getView
    294:296:void notifyDataSetChanged() -> notifyDataSetChanged
androidx.appcompat.view.menu.MenuAdapter -> androidx.appcompat.view.menu.f:
    android.view.LayoutInflater mInflater -> f
    androidx.appcompat.view.menu.MenuBuilder mAdapterMenu -> b
    boolean mOverflowOnly -> e
    int mItemLayoutRes -> g
    int mExpandedIndex -> c
    boolean mForceShowIcon -> d
    44:50:void <init>(androidx.appcompat.view.menu.MenuBuilder,android.view.LayoutInflater,boolean,int) -> <init>
    114:127:void findExpandedIndex() -> a
    71:71:androidx.appcompat.view.menu.MenuBuilder getAdapterMenu() -> b
    76:81:androidx.appcompat.view.menu.MenuItemImpl getItem(int) -> c
    57:58:void setForceShowIcon(boolean) -> d
    62:67:int getCount() -> getCount
    32:32:java.lang.Object getItem(int) -> getItem
    88:88:long getItemId(int) -> getItemId
    93:110:android.view.View getView(int,android.view.View,android.view.ViewGroup) -> getView
    131:133:void notifyDataSetChanged() -> notifyDataSetChanged
androidx.appcompat.view.menu.MenuBuilder -> androidx.appcompat.view.menu.g:
    android.content.Context mContext -> a
    int mDefaultShowAsAction -> l
    boolean mIsActionItemsStale -> k
    java.util.ArrayList mVisibleItems -> g
    boolean mIsClosing -> u
    android.view.View mHeaderView -> p
    int[] sCategoryToOrder -> A
    boolean mPreventDispatchingItemsChanged -> q
    boolean mStructureChangedWhileDispatchPrevented -> s
    java.util.concurrent.CopyOnWriteArrayList mPresenters -> w
    boolean mGroupDividerEnabled -> y
    java.util.ArrayList mActionItems -> i
    boolean mIsVisibleItemsStale -> h
    androidx.appcompat.view.menu.MenuItemImpl mExpandedItem -> x
    android.content.res.Resources mResources -> b
    boolean mShortcutsVisible -> d
    androidx.appcompat.view.menu.MenuBuilder$Callback mCallback -> e
    java.util.ArrayList mItems -> f
    android.view.ContextMenu$ContextMenuInfo mCurrentMenuInfo -> m
    boolean mItemsChangedWhileDispatchPrevented -> r
    boolean mOptionalIconsVisible -> t
    java.lang.CharSequence mHeaderTitle -> n
    java.util.ArrayList mNonActionItems -> j
    boolean mOverrideVisibleItems -> z
    java.util.ArrayList mTempShortcutItemList -> v
    android.graphics.drawable.Drawable mHeaderIcon -> o
    boolean mQwertyMode -> c
    68:68:void <clinit>() -> <clinit>
    229:242:void <init>(android.content.Context) -> <init>
    1353:1353:boolean getOptionalIconsVisible() -> A
    785:788:int getOrdering(int) -> B
androidx.appcompat.view.menu.MenuBuilder$Callback -> androidx.appcompat.view.menu.g$a:
    void onMenuModeChange(androidx.appcompat.view.menu.MenuBuilder) -> a
    boolean onMenuItemSelected(androidx.appcompat.view.menu.MenuBuilder,android.view.MenuItem) -> b
androidx.appcompat.view.menu.MenuBuilder$ItemInvoker -> androidx.appcompat.view.menu.g$b:
    boolean invokeItem(androidx.appcompat.view.menu.MenuItemImpl) -> b