MyApplication/app/build/outputs/mapping/debug/usage.txt
com.example.myapplication.R$id
com.example.myapplication.R$layout
com.example.myapplication.R$color
com.example.myapplication.R$drawable
com.example.myapplication.R$bool
com.example.myapplication.R$integer
com.example.myapplication.R$string
com.example.myapplication.R
com.example.myapplication.BuildConfig
com.example.myapplication.R$style
com.example.myapplication.R$mipmap
com.example.myapplication.R$anim
com.example.myapplication.R$dimen
com.example.myapplication.R$attr
com.example.myapplication.R$styleable
com.example.myapplication.R$interpolator
...
androidx.core.graphics.PathSegment
androidx.core.view.NestedScrollingChild3
androidx.core.app.SharedElementCallback:
    public void <init>()
    private static android.graphics.Bitmap createDrawableBitmap(android.graphics.drawable.Drawable)
    public void onRejectSharedElements(java.util.List)
    public android.os.Parcelable onCaptureSharedElementSnapshot(android.view.View,android.graphics.Matrix,android.graphics.RectF)
    public android.view.View onCreateSnapshotView(android.content.Context,android.os.Parcelable)
    public void onSharedElementsArrived(java.util.List,java.util.List,androidx.core.app.SharedElementCallback$OnSharedElementsReadyListener)
    private android.graphics.Matrix mTempMatrix
    private static final int MAX_IMAGE_SIZE
    private static final java.lang.String BUNDLE_SNAPSHOT_BITMAP
    private static final java.lang.String BUNDLE_SNAPSHOT_IMAGE_SCALETYPE
    private static final java.lang.String BUNDLE_SNAPSHOT_IMAGE_MATRIX
androidx.core.graphics.drawable.IconCompat$IconType
androidx.vectordrawable.animated.R$layout
androidx.appcompat.view.menu.ActionMenuItemView:
    public void <init>(android.content.Context)
    public void setShortcut(boolean,char)
    public boolean showsIcon()
    private static final java.lang.String TAG
    private static final int MAX_ICON_SIZE
androidx.core.content.res.TypedArrayUtils:
    public static boolean getBoolean(android.content.res.TypedArray,int,int,boolean)
    public static android.graphics.drawable.Drawable getDrawable(android.content.res.TypedArray,int,int)
    public static int getInt(android.content.res.TypedArray,int,int,int)
    public static int getResourceId(android.content.res.TypedArray,int,int,int)
    public static java.lang.String getString(android.content.res.TypedArray,int,int)
    public static java.lang.CharSequence getText(android.content.res.TypedArray,int,int)
    public static java.lang.CharSequence[] getTextArray(android.content.res.TypedArray,int,int)
    public static int getAttr(android.content.Context,int,int)
    private void <init>()
    private static final java.lang.String NAMESPACE
android.support.v4.os.IResultReceiver
androidx.constraintlayout.solver.widgets.Optimizer:
    public void <init>()
    public static final int OPTIMIZATION_NONE
    public static final int OPTIMIZATION_DIRECT
    public static final int OPTIMIZATION_BARRIER
    public static final int OPTIMIZATION_CHAIN
    public static final int OPTIMIZATION_DIMENSIONS
    public static final int OPTIMIZATION_RATIO
    public static final int OPTIMIZATION_GROUPS
    public static final int OPTIMIZATION_STANDARD
    static final int FLAG_USE_OPTIMIZE
    static final int FLAG_CHAIN_DANGLING
    static final int FLAG_RECOMPUTE_BOUNDS
androidx.core.graphics.drawable.RoundedBitmapDrawable
androidx.constraintlayout.widget.Constraints:
    public void <init>(android.content.Context)
    public void <init>(android.content.Context,android.util.AttributeSet)
    public void <init>(android.content.Context,android.util.AttributeSet,int)
    private void init(android.util.AttributeSet)
    public static final java.lang.String TAG
androidx.core.app.JobIntentService$JobWorkEnqueuer
android.support.v4.os.ResultReceiver
androidx.arch.core.R
androidx.core.graphics.drawable.RoundedBitmapDrawableFactory
androidx.core.content.pm.ShortcutManagerCompat
androidx.lifecycle.LifecycleRegistry:
    public int getObserverCount()
androidx.appcompat.widget.ActionBarContextView:
    public boolean hideOverflowMenu()
    public boolean isOverflowMenuShowing()
    public synthetic bridge void dismissPopupMenus()
    public synthetic bridge boolean canShowOverflowMenu()
    public synthetic bridge boolean isOverflowReserved()
    public synthetic bridge boolean isOverflowMenuShowPending()
    public synthetic bridge void postShowOverflowMenu()
    public synthetic bridge void animateToVisibility(int)
    private static final java.lang.String TAG
androidx.core.database.sqlite.SQLiteCursorCompat